<?xml version="1.0" encoding="UTF-8"?>
<!-- Generated by org.testng.reporters.JUnitXMLReporter -->
<testsuite ignored="0" hostname="DESKTOP-7N5R1H4" failures="0" tests="3" name="Default test" time="10.541" errors="0" timestamp="2021-03-03T16:09:53 IST">
  <testcase classname="io.cucumber.testng.AbstractTestNGCucumberTests" name="runScenario" time="4.613"/>
  <testcase classname="io.cucumber.testng.AbstractTestNGCucumberTests" name="runScenario" time="0.505"/>
  <testcase classname="runners.TestRunner" name="test" time="0.003"/>
</testsuite> <!-- Default test -->
