<?xml version="1.0" encoding="UTF-8"?>
<testng-results ignored="0" total="3" passed="3" failed="0" skipped="0">
  <reporter-output>
  </reporter-output>
  <suite started-at="2021-03-03T16:09:42 IST" name="Default suite" finished-at="2021-03-03T16:09:53 IST" duration-ms="10541">
    <groups>
      <group name="cucumber">
        <method signature="AbstractTestNGCucumberTests.runScenario(io.cucumber.testng.PickleWrapper, io.cucumber.testng.FeatureWrapper)[pri:0, instance:runners.TestRunner@446293d]" name="runScenario" class="io.cucumber.testng.AbstractTestNGCucumberTests"/>
      </group> <!-- cucumber -->
    </groups>
    <test started-at="2021-03-03T16:09:42 IST" name="Default test" finished-at="2021-03-03T16:09:53 IST" duration-ms="10541">
      <class name="runners.TestRunner">
        <test-method is-config="true" signature="setUpClass()[pri:0, instance:runners.TestRunner@446293d]" started-at="2021-03-03T16:09:42 IST" name="setUpClass" finished-at="2021-03-03T16:09:44 IST" duration-ms="1497" status="PASS">
          <reporter-output>
          </reporter-output>
        </test-method> <!-- setUpClass -->
        <test-method signature="runScenario(io.cucumber.testng.PickleWrapper, io.cucumber.testng.FeatureWrapper)[pri:0, instance:runners.TestRunner@446293d]" started-at="2021-03-03T16:09:44 IST" name="runScenario" description="Runs Cucumber Scenarios" data-provider="scenarios" finished-at="2021-03-03T16:09:48 IST" duration-ms="4613" status="PASS">
          <params>
            <param index="0">
              <value>
                <![CDATA["User should be able to view the District wise data"]]>
              </value>
            </param>
            <param index="1">
              <value>
                <![CDATA["Optional[End to End Tests in Covid-19 API]"]]>
              </value>
            </param>
          </params>
          <reporter-output>
          </reporter-output>
        </test-method> <!-- runScenario -->
        <test-method signature="runScenario(io.cucumber.testng.PickleWrapper, io.cucumber.testng.FeatureWrapper)[pri:0, instance:runners.TestRunner@446293d]" started-at="2021-03-03T16:09:48 IST" name="runScenario" description="Runs Cucumber Scenarios" data-provider="scenarios" finished-at="2021-03-03T16:09:49 IST" duration-ms="505" status="PASS">
          <params>
            <param index="0">
              <value>
                <![CDATA["Verify the headers of Covid API"]]>
              </value>
            </param>
            <param index="1">
              <value>
                <![CDATA["Optional[End to End Tests in Covid-19 API]"]]>
              </value>
            </param>
          </params>
          <reporter-output>
          </reporter-output>
        </test-method> <!-- runScenario -->
        <test-method signature="test()[pri:0, instance:runners.TestRunner@446293d]" started-at="2021-03-03T16:09:49 IST" name="test" finished-at="2021-03-03T16:09:49 IST" duration-ms="3" status="PASS">
          <reporter-output>
          </reporter-output>
        </test-method> <!-- test -->
        <test-method is-config="true" signature="tearDownClass()[pri:0, instance:runners.TestRunner@446293d]" started-at="2021-03-03T16:09:49 IST" name="tearDownClass" finished-at="2021-03-03T16:09:53 IST" duration-ms="3839" status="PASS">
          <reporter-output>
          </reporter-output>
        </test-method> <!-- tearDownClass -->
      </class> <!-- runners.TestRunner -->
    </test> <!-- Default test -->
  </suite> <!-- Default suite -->
</testng-results>
